build/app/intermediates/manifest_merge_blame_file/release/manifest-merger-blame-release-report.txt
1<?xml version="1.0" encoding="utf-8"?>
2<manifest xmlns:android="http://schemas.android.com/apk/res/android"
3    package="com.voicestelecom"
4    android:versionCode="6"
5    android:versionName="4.0.0" >
6
7    <uses-sdk
8        android:minSdkVersion="19"
8-->src/main/AndroidManifest.xml
9        android:targetSdkVersion="30" />
9-->src/main/AndroidManifest.xml
10    <!--
11         io.flutter.app.FlutterApplication is an android.app.Application that
12         calls FlutterMain.startInitialization(this); in its onCreate method.
13         In most cases you can leave this as-is, but you if you want to provide
14         additional functionality it is fine to subclass or reimplement
15         FlutterApplication and put your custom class here.
16    -->
17    <uses-permission android:name="android.permission.USE_FINGERPRINT" />
17-->src/main/AndroidManifest.xml:8:10-78
17-->src/main/AndroidManifest.xml:8:27-76
18    <uses-permission android:name="android.permission.INTERNET" />
18-->src/main/AndroidManifest.xml:9:4-65
18-->src/main/AndroidManifest.xml:9:21-63
19    <uses-permission android:name="android.permission.QUERY_ALL_PACKAGES" />
19-->src/main/AndroidManifest.xml:10:6-77
19-->src/main/AndroidManifest.xml:10:23-75
20
21    <queries>
21-->src/main/AndroidManifest.xml:12:1-25:11
22        <intent>
22-->src/main/AndroidManifest.xml:13:5-16:14
23            <action android:name="android.intent.action.VIEW" />
23-->src/main/AndroidManifest.xml:14:9-61
23-->src/main/AndroidManifest.xml:14:17-58
24
25            <data android:scheme="https" />
25-->src/main/AndroidManifest.xml:15:9-40
25-->src/main/AndroidManifest.xml:15:15-37
26        </intent>
27        <intent>
27-->src/main/AndroidManifest.xml:13:5-16:14
28            <action android:name="android.intent.action.DIAL" />
28-->src/main/AndroidManifest.xml:18:9-61
28-->src/main/AndroidManifest.xml:18:17-58
29
30            <data android:scheme="tel" />
30-->src/main/AndroidManifest.xml:15:9-40
30-->src/main/AndroidManifest.xml:15:15-37
31        </intent>
32        <intent>
32-->src/main/AndroidManifest.xml:13:5-16:14
33            <action android:name="android.intent.action.SEND" />
33-->src/main/AndroidManifest.xml:22:9-61
33-->src/main/AndroidManifest.xml:22:17-58
34
35            <data android:mimeType="*/*" />
35-->src/main/AndroidManifest.xml:15:9-40
35-->src/main/AndroidManifest.xml:23:15-37
36        </intent>
37        <intent>
37-->src/main/AndroidManifest.xml:13:5-16:14
38            <action android:name="android.intent.action.VIEW" />
38-->src/main/AndroidManifest.xml:14:9-61
38-->src/main/AndroidManifest.xml:14:17-58
39
40            <data android:scheme="mailto" />
40-->src/main/AndroidManifest.xml:15:9-40
40-->src/main/AndroidManifest.xml:15:15-37
41        </intent>
42        <intent>
42-->src/main/AndroidManifest.xml:13:5-16:14
43            <action android:name="android.support.customtabs.action.CustomTabsService" />
44        </intent>
45    </queries>
46
47    <uses-permission android:name="android.permission.ACCESS_NETWORK_STATE" /> <!-- Permission will be merged into the manifest of the hosting app. -->
47-->[:connectivity] AndroidManifest.xml:7:5-79
47-->[:connectivity] AndroidManifest.xml:7:22-76
48    <!-- Is required to launch foreground extraction service for targetSdkVersion 28+. -->
49    <uses-permission android:name="android.permission.FOREGROUND_SERVICE" />
49-->[com.google.android.play:core:1.8.2] AndroidManifest.xml:8:3-74
49-->[com.google.android.play:core:1.8.2] AndroidManifest.xml:8:20-72
50    <uses-permission android:name="android.permission.USE_BIOMETRIC" />
50-->[androidx.biometric:biometric:1.1.0] AndroidManifest.xml:24:5-72
50-->[androidx.biometric:biometric:1.1.0] AndroidManifest.xml:24:22-69
51
52    <application
52-->src/main/AndroidManifest.xml:28:5-68:19
53        android:name="io.flutter.app.FlutterApplication"
53-->src/main/AndroidManifest.xml:29:9-57
54        android:appComponentFactory="androidx.core.app.CoreComponentFactory"
54-->[androidx.core:core:1.3.2] AndroidManifest.xml:24:18-86
55        android:icon="@mipmap/launcher_icon"
55-->src/main/AndroidManifest.xml:31:9-45
56        android:label="voicestelecom" >
56-->src/main/AndroidManifest.xml:30:9-38
57        <activity
57-->src/main/AndroidManifest.xml:32:9-60:20
58            android:name="com.example.datavilla.MainActivity"
58-->src/main/AndroidManifest.xml:33:13-41
59            android:configChanges="orientation|keyboardHidden|keyboard|screenSize|smallestScreenSize|locale|layoutDirection|fontScale|screenLayout|density|uiMode"
59-->src/main/AndroidManifest.xml:36:13-163
60            android:hardwareAccelerated="true"
60-->src/main/AndroidManifest.xml:37:13-47
61            android:launchMode="singleTop"
61-->src/main/AndroidManifest.xml:34:13-43
62            android:theme="@style/LaunchTheme"
62-->src/main/AndroidManifest.xml:35:13-47
63            android:windowSoftInputMode="adjustResize" >
63-->src/main/AndroidManifest.xml:38:13-55
64
65            <!--
66                 Specifies an Android theme to apply to this Activity as soon as
67                 the Android process has started. This theme is visible to the user
68                 while the Flutter UI initializes. After that, this theme continues
69                 to determine the Window background behind the Flutter UI.
70            -->
71            <meta-data
71-->src/main/AndroidManifest.xml:43:13-46:17
72                android:name="io.flutter.embedding.android.NormalTheme"
72-->src/main/AndroidManifest.xml:44:15-70
73                android:resource="@style/NormalTheme" />
73-->src/main/AndroidManifest.xml:45:15-52
74            <!--
75                 Displays an Android View that continues showing the launch screen
76                 Drawable until Flutter paints its first frame, then this splash
77                 screen fades out. A splash screen is useful to avoid any visual
78                 gap between the end of Android's launch screen and the painting of
79                 Flutter's first frame.
80            -->
81            <meta-data
81-->src/main/AndroidManifest.xml:52:13-55:17
82                android:name="io.flutter.embedding.android.SplashScreenDrawable"
82-->src/main/AndroidManifest.xml:53:15-79
83                android:resource="@drawable/launch_background" />
83-->src/main/AndroidManifest.xml:54:15-61
84
85            <intent-filter>
85-->src/main/AndroidManifest.xml:56:13-59:29
86                <action android:name="android.intent.action.MAIN" />
86-->src/main/AndroidManifest.xml:57:17-68
86-->src/main/AndroidManifest.xml:57:25-66
87
88                <category android:name="android.intent.category.LAUNCHER" />
88-->src/main/AndroidManifest.xml:58:17-76
88-->src/main/AndroidManifest.xml:58:27-74
89            </intent-filter>
90        </activity>
91        <!--
92             Don't delete the meta-data below.
93             This is used by the Flutter tool to generate GeneratedPluginRegistrant.java
94        -->
95        <meta-data
95-->src/main/AndroidManifest.xml:63:9-65:33
96            android:name="flutterEmbedding"
96-->src/main/AndroidManifest.xml:64:13-44
97            android:value="2" />
97-->src/main/AndroidManifest.xml:65:13-30
98
99        <provider
99-->[:image_picker] AndroidManifest.xml:8:9-16:20
100            android:name="io.flutter.plugins.imagepicker.ImagePickerFileProvider"
100-->[:image_picker] AndroidManifest.xml:9:13-82
101            android:authorities="com.voicestelecom.flutter.image_provider"
101-->[:image_picker] AndroidManifest.xml:10:13-74
102            android:exported="false"
102-->[:image_picker] AndroidManifest.xml:11:13-37
103            android:grantUriPermissions="true" >
103-->[:image_picker] AndroidManifest.xml:12:13-47
104            <meta-data
104-->[:image_picker] AndroidManifest.xml:13:13-15:75
105                android:name="android.support.FILE_PROVIDER_PATHS"
105-->[:image_picker] AndroidManifest.xml:14:17-67
106                android:resource="@xml/flutter_image_picker_file_paths" />
106-->[:image_picker] AndroidManifest.xml:15:17-72
107        </provider>
108
109        <activity
109-->[:url_launcher] AndroidManifest.xml:8:9-11:74
110            android:name="io.flutter.plugins.urllauncher.WebViewActivity"
110-->[:url_launcher] AndroidManifest.xml:9:13-74
111            android:exported="false"
111-->[:url_launcher] AndroidManifest.xml:10:13-37
112            android:theme="@android:style/Theme.NoTitleBar.Fullscreen" />
112-->[:url_launcher] AndroidManifest.xml:11:13-71
113        <activity
113-->[:flutter_inappwebview] AndroidManifest.xml:14:9-17:47
114            android:name="com.pichillilorenzo.flutter_inappwebview.in_app_browser.InAppBrowserActivity"
114-->[:flutter_inappwebview] AndroidManifest.xml:15:13-104
115            android:configChanges="orientation|keyboardHidden|keyboard|screenSize|locale|layoutDirection|fontScale|screenLayout|density"
115-->[:flutter_inappwebview] AndroidManifest.xml:16:13-137
116            android:theme="@style/AppTheme" />
116-->[:flutter_inappwebview] AndroidManifest.xml:17:13-44
117        <activity
117-->[:flutter_inappwebview] AndroidManifest.xml:18:9-20:55
118            android:name="com.pichillilorenzo.flutter_inappwebview.chrome_custom_tabs.ChromeCustomTabsActivity"
118-->[:flutter_inappwebview] AndroidManifest.xml:19:13-112
119            android:theme="@style/ThemeTransparent" />
119-->[:flutter_inappwebview] AndroidManifest.xml:20:13-52
120
121        <receiver android:name="com.pichillilorenzo.flutter_inappwebview.chrome_custom_tabs.ActionBroadcastReceiver" />
121-->[:flutter_inappwebview] AndroidManifest.xml:22:9-120
121-->[:flutter_inappwebview] AndroidManifest.xml:22:19-117
122
123        <meta-data
123-->[:flutter_inappwebview] AndroidManifest.xml:24:9-26:36
124            android:name="io.flutter.embedded_views_preview"
124-->[:flutter_inappwebview] AndroidManifest.xml:25:13-61
125            android:value="true" />
125-->[:flutter_inappwebview] AndroidManifest.xml:26:13-33
126
127        <activity
127-->[:flutter_paystack] AndroidManifest.xml:10:9-12:54
128            android:name="co.paystack.flutterpaystack.AuthActivity"
128-->[:flutter_paystack] AndroidManifest.xml:11:13-68
129            android:theme="@style/Paystack.Dialog" />
129-->[:flutter_paystack] AndroidManifest.xml:12:13-51
130        <activity
130-->[com.teamapt.monnify.sdk:monnify-android-sdk:1.0.21] AndroidManifest.xml:15:9-19:20
131            android:name="com.teamapt.monnify.sdk.module.view.activity.SdkActivity"
131-->[com.teamapt.monnify.sdk:monnify-android-sdk:1.0.21] AndroidManifest.xml:16:13-84
132            android:screenOrientation="userPortrait"
132-->[com.teamapt.monnify.sdk:monnify-android-sdk:1.0.21] AndroidManifest.xml:17:13-53
133            android:theme="@style/SdkTheme" >
133-->[com.teamapt.monnify.sdk:monnify-android-sdk:1.0.21] AndroidManifest.xml:18:13-44
134        </activity> <!-- The activities will be merged into the manifest of the hosting app. -->
135        <activity
135-->[com.google.android.play:core:1.8.2] AndroidManifest.xml:12:5-271
136            android:name="com.google.android.play.core.missingsplits.PlayCoreMissingSplitsActivity"
136-->[com.google.android.play:core:1.8.2] AndroidManifest.xml:12:15-102
137            android:enabled="false"
137-->[com.google.android.play:core:1.8.2] AndroidManifest.xml:12:103-126
138            android:exported="false"
138-->[com.google.android.play:core:1.8.2] AndroidManifest.xml:12:127-151
139            android:launchMode="singleInstance"
139-->[com.google.android.play:core:1.8.2] AndroidManifest.xml:12:204-239
140            android:process=":playcore_missing_splits_activity"
140-->[com.google.android.play:core:1.8.2] AndroidManifest.xml:12:152-203
141            android:stateNotNeeded="true" />
141-->[com.google.android.play:core:1.8.2] AndroidManifest.xml:12:240-269
142        <activity
142-->[com.google.android.play:core:1.8.2] AndroidManifest.xml:13:5-226
143            android:name="com.google.android.play.core.common.PlayCoreDialogWrapperActivity"
143-->[com.google.android.play:core:1.8.2] AndroidManifest.xml:13:15-95
144            android:enabled="false"
144-->[com.google.android.play:core:1.8.2] AndroidManifest.xml:13:96-119
145            android:exported="false"
145-->[com.google.android.play:core:1.8.2] AndroidManifest.xml:13:120-144
146            android:stateNotNeeded="true"
146-->[com.google.android.play:core:1.8.2] AndroidManifest.xml:13:145-174
147            android:theme="@style/Theme.PlayCore.Transparent" /> <!-- The service will be merged into the manifest of the hosting app. -->
147-->[com.google.android.play:core:1.8.2] AndroidManifest.xml:13:175-224
148        <service
148-->[com.google.android.play:core:1.8.2] AndroidManifest.xml:16:5-145
149            android:name="com.google.android.play.core.assetpacks.AssetPackExtractionService"
149-->[com.google.android.play:core:1.8.2] AndroidManifest.xml:16:14-95
150            android:enabled="false"
150-->[com.google.android.play:core:1.8.2] AndroidManifest.xml:16:96-119
151            android:exported="true" />
151-->[com.google.android.play:core:1.8.2] AndroidManifest.xml:16:120-143
152
153        <provider
153-->[com.squareup.picasso:picasso:2.71828] AndroidManifest.xml:8:9-11:40
154            android:name="com.squareup.picasso.PicassoProvider"
154-->[com.squareup.picasso:picasso:2.71828] AndroidManifest.xml:9:13-64
155            android:authorities="com.voicestelecom.com.squareup.picasso"
155-->[com.squareup.picasso:picasso:2.71828] AndroidManifest.xml:10:13-72
156            android:exported="false" />
156-->[com.squareup.picasso:picasso:2.71828] AndroidManifest.xml:11:13-37
157        <provider
157-->[androidx.lifecycle:lifecycle-process:2.0.0] AndroidManifest.xml:23:9-27:43
158            android:name="androidx.lifecycle.ProcessLifecycleOwnerInitializer"
158-->[androidx.lifecycle:lifecycle-process:2.0.0] AndroidManifest.xml:24:13-79
159            android:authorities="com.voicestelecom.lifecycle-process"
159-->[androidx.lifecycle:lifecycle-process:2.0.0] AndroidManifest.xml:25:13-69
160            android:exported="false"
160-->[androidx.lifecycle:lifecycle-process:2.0.0] AndroidManifest.xml:26:13-37
161            android:multiprocess="true" />
161-->[androidx.lifecycle:lifecycle-process:2.0.0] AndroidManifest.xml:27:13-40
162    </application>
163
164</manifest>